ERROR 2025-06-06 10:52:07,332 utils 22100 11424 Error enviando credenciales a zanthonygg@gmail.com: (450, b'The tu-dominio.com domain is not verified. Please, add and verify your domain on https://resend.com/domains')
ERROR 2025-06-06 10:55:37,144 utils 19628 21832 Error enviando credenciales a zanthonygg@gmail.com: (450, b'The tu-dominio.com domain is not verified. Please, add and verify your domain on https://resend.com/domains')
ERROR 2025-06-06 10:58:21,340 utils 9616 10500 Error enviando credenciales a zanthonygg@gmail.com: (450, b'The tu-dominio.com domain is not verified. Please, add and verify your domain on https://resend.com/domains')
ERROR 2025-06-06 11:00:17,625 utils 9616 10500 Error enviando credenciales a zanthonygg@gmail.com: (450, b'The tu-dominio.com domain is not verified. Please, add and verify your domain on https://resend.com/domains')
ERROR 2025-06-06 11:01:54,959 utils 9616 10500 Error enviando credenciales a zanthonygg@gmail.com: (450, b'The tu-dominio.com domain is not verified. Please, add and verify your domain on https://resend.com/domains')
ERROR 2025-06-06 11:03:18,655 utils 9616 10500 Error enviando credenciales a zanthonygg@gmail.com: (450, b'The tu-dominio.com domain is not verified. Please, add and verify your domain on https://resend.com/domains')
INFO 2025-06-06 11:07:08,172 utils 8136 3196 Enviando email desde: Sistema de Nómina <onboarding@resend.dev>
INFO 2025-06-06 11:07:08,172 utils 8136 3196 Support email configurado: onboarding@resend.dev
INFO 2025-06-06 11:07:10,072 utils 8136 3196 Credenciales enviadas por email a: zanthonygg@gmail.com
INFO 2025-06-06 11:17:00,311 utils 17308 1220 Enviando email desde: Sistema de Nómina <onboarding@resend.dev>
INFO 2025-06-06 11:17:00,311 utils 17308 1220 Support email configurado: onboarding@resend.dev
INFO 2025-06-06 11:17:02,067 utils 17308 1220 Credenciales enviadas por email a: zanthonygg@gmail.com
INFO 2025-06-07 11:17:05,893 utils 17732 17124 Enviando email desde: Sistema de Nómina <onboarding@resend.dev>
INFO 2025-06-07 11:17:05,900 utils 17732 17124 Support email configurado: onboarding@resend.dev
ERROR 2025-06-07 11:17:07,504 utils 17732 17124 Error enviando credenciales a alopezm6@unemi.edu.ec: (450, b'You can only send testing emails to your own email address (zanthonygg@gmail.com). To send emails to other recipients, please verify a domain at resend.com/domains, and change the `from` address to an email using this domain.')
INFO 2025-06-16 14:03:56,430 utils 8268 18220 Enviando email desde: Sistema de Nómina <onboarding@resend.dev>
INFO 2025-06-16 14:03:56,438 utils 8268 18220 Support email configurado: onboarding@resend.dev
INFO 2025-06-16 14:03:58,267 utils 8268 18220 Credenciales enviadas por email a: zanthonygg@gmail.com
INFO 2025-06-18 15:33:54,596 utils 15980 15984 Enviando email desde: Sistema de Nómina <onboarding@resend.dev>
INFO 2025-06-18 15:33:54,611 utils 15980 15984 Support email configurado: onboarding@resend.dev
INFO 2025-06-18 15:33:56,381 utils 15980 15984 Credenciales enviadas por email a: zanthonygg@gmail.com
INFO 2025-06-22 23:10:19,665 utils 8992 22156 Enviando email desde: Sistema de Nómina <onboarding@resend.dev>
INFO 2025-06-22 23:10:19,676 utils 8992 22156 Support email configurado: onboarding@resend.dev
INFO 2025-06-22 23:10:21,513 utils 8992 22156 Credenciales enviadas por email a: zanthonygg@gmail.com
INFO 2025-06-24 09:54:51,043 utils 9648 11428 Enviando email desde: Sistema de Nómina <onboarding@resend.dev>
INFO 2025-06-24 09:54:51,398 utils 9648 11428 Support email configurado: onboarding@resend.dev
INFO 2025-06-24 09:54:53,401 utils 9648 11428 Credenciales enviadas por email a: zanthonygg@gmail.com
INFO 2025-06-24 09:59:41,751 utils 8488 3836 Enviando email desde: Sistema de Nómina <onboarding@resend.dev>
INFO 2025-06-24 09:59:41,752 utils 8488 3836 Support email configurado: onboarding@resend.dev
INFO 2025-06-24 09:59:43,473 utils 8488 3836 Credenciales enviadas por email a: zanthonygg@gmail.com
ERROR 2025-06-26 16:26:27,738 utils 7264 16736 Error enviando notificación de nómina a zanthonygg@gmail.com: Invalid block tag on line 467: 'add', expected 'empty' or 'endfor'. Did you forget to register or load this tag?
ERROR 2025-06-26 16:28:09,166 utils 7264 16736 Error enviando notificación de nómina a zanthonygg@gmail.com: Invalid block tag on line 467: 'add', expected 'empty' or 'endfor'. Did you forget to register or load this tag?
ERROR 2025-06-26 16:29:50,523 utils 7264 16736 Error enviando notificación de nómina a zanthonygg@gmail.com: Invalid block tag on line 467: 'add', expected 'empty' or 'endfor'. Did you forget to register or load this tag?
ERROR 2025-07-01 08:42:12,323 utils 24752 23696 Error enviando notificación de nómina a zanthonygg@gmail.com: Invalid block tag on line 467: 'add', expected 'empty' or 'endfor'. Did you forget to register or load this tag?
ERROR 2025-07-01 08:42:48,623 utils 24752 23696 Error enviando notificación de nómina a zanthonygg@gmail.com: Invalid block tag on line 467: 'add', expected 'empty' or 'endfor'. Did you forget to register or load this tag?
ERROR 2025-07-01 08:42:55,956 utils 24752 23696 Error enviando notificación de nómina a zanthonygg@gmail.com: Invalid block tag on line 467: 'add', expected 'empty' or 'endfor'. Did you forget to register or load this tag?
ERROR 2025-07-01 08:51:51,921 utils 16920 22224 Error enviando notificación de nómina a zanthonygg@gmail.com: 'mathfilters' is not a registered tag library. Must be one of:
admin_list
admin_modify
admin_urls
cache
i18n
l10n
log
payroll_tags
static
tz
INFO 2025-07-01 08:53:45,347 utils 25244 15480 Notificación de nómina enviada a: zanthonygg@gmail.com
INFO 2025-07-01 09:00:09,240 utils 19428 23072 Notificación de nómina enviada a: zanthonygg@gmail.com
INFO 2025-07-01 09:04:57,138 utils 14772 21756 Notificación de nómina enviada a: zanthonygg@gmail.com
INFO 2025-07-01 09:07:28,313 utils 24372 340 Los egresos adicionales ya están incluidos en total_deductions: $250.50
INFO 2025-07-01 09:07:30,289 utils 24372 340 Notificación de nómina enviada a: zanthonygg@gmail.com
INFO 2025-07-02 22:02:23,433 utils 2124 22792 Los egresos adicionales ya están incluidos en total_deductions: $250.50
INFO 2025-07-02 22:02:25,992 utils 2124 22792 Notificación de nómina enviada a: zanthonygg@gmail.com
INFO 2025-07-04 10:29:55,968 utils 16288 7540 Los egresos adicionales ya están incluidos en total_deductions: $125.25
INFO 2025-07-04 10:29:58,117 utils 16288 7540 Notificación de nómina enviada a: zanthonygg@gmail.com
INFO 2025-07-04 10:45:05,056 utils 6960 12240 Los egresos adicionales ya están incluidos en total_deductions: $125.25
INFO 2025-07-04 10:45:07,038 utils 6960 12240 Notificación de nómina enviada a: zanthonygg@gmail.com
INFO 2025-07-05 20:57:08,547 utils 25484 23704 Los egresos adicionales ya están incluidos en total_deductions: $261.99
INFO 2025-07-05 20:57:10,687 utils 25484 23704 Notificación de nómina enviada a: zanthonygg@gmail.com
INFO 2025-07-05 20:59:23,044 utils 25484 28988 Los egresos adicionales ya están incluidos en total_deductions: $125.25
INFO 2025-07-05 20:59:25,242 utils 25484 28988 Notificación de nómina enviada a: zanthonygg@gmail.com
INFO 2025-07-08 21:08:26,112 utils 11348 4732 Los egresos adicionales ya están incluidos en total_deductions: $250.50
INFO 2025-07-08 21:08:28,361 utils 11348 4732 Notificación de nómina enviada a: zanthonygg@gmail.com
INFO 2025-07-08 21:08:36,173 utils 11348 4732 Los egresos adicionales ya están incluidos en total_deductions: $1503.00
INFO 2025-07-08 21:08:38,148 utils 11348 4732 Notificación de nómina enviada a: zanthonygg@gmail.com
INFO 2025-07-08 21:25:15,542 utils 7528 16484 Enviando email desde: Sistema de Nómina <onboarding@resend.dev>
INFO 2025-07-08 21:25:15,542 utils 7528 16484 Support email configurado: onboarding@resend.dev
INFO 2025-07-08 21:25:18,197 utils 7528 16484 Credenciales enviadas por email a: zanthonygg@gmail.com
INFO 2025-07-09 04:24:04,143 utils 25732 10560 Enviando email desde: Sistema de Nómina <onboarding@resend.dev>
INFO 2025-07-09 04:24:04,145 utils 25732 10560 Support email configurado: onboarding@resend.dev
ERROR 2025-07-09 04:24:06,225 utils 25732 10560 Error enviando credenciales a adonishcf@gmail.com: (450, b'You can only send testing emails to your own email address (zanthonygg@gmail.com). To send emails to other recipients, please verify a domain at resend.com/domains, and change the `from` address to an email using this domain.')
INFO 2025-07-09 04:25:53,573 utils 25732 21916 Enviando email desde: Sistema de Nómina <onboarding@resend.dev>
INFO 2025-07-09 04:25:53,574 utils 25732 21916 Support email configurado: onboarding@resend.dev
ERROR 2025-07-09 04:25:55,153 utils 25732 21916 Error enviando credenciales a obitomcy@gmail.com: (450, b'You can only send testing emails to your own email address (zanthonygg@gmail.com). To send emails to other recipients, please verify a domain at resend.com/domains, and change the `from` address to an email using this domain.')
INFO 2025-07-09 04:27:31,632 utils 25732 21916 Enviando email desde: Sistema de Nómina <onboarding@resend.dev>
INFO 2025-07-09 04:27:31,632 utils 25732 21916 Support email configurado: onboarding@resend.dev
ERROR 2025-07-09 04:27:33,205 utils 25732 21916 Error enviando credenciales a alopezlei22@gmail.com: (450, b'You can only send testing emails to your own email address (zanthonygg@gmail.com). To send emails to other recipients, please verify a domain at resend.com/domains, and change the `from` address to an email using this domain.')
INFO 2025-07-09 04:29:14,563 utils 25732 21916 Enviando email desde: Sistema de Nómina <onboarding@resend.dev>
INFO 2025-07-09 04:29:14,564 utils 25732 21916 Support email configurado: onboarding@resend.dev
INFO 2025-07-09 04:29:16,486 utils 25732 21916 Credenciales enviadas por email a: zanthonygg@gmail.com
INFO 2025-07-09 04:53:20,862 utils 25136 6464 Los egresos adicionales ya están incluidos en total_deductions: $751.50
INFO 2025-07-09 04:53:23,064 utils 25136 6464 Notificación de nómina enviada a: zanthonygg@gmail.com
INFO 2025-07-09 04:53:23,267 utils 25136 6464 Los egresos adicionales ya están incluidos en total_deductions: $182.18
INFO 2025-07-09 04:53:25,040 utils 25136 6464 Notificación de nómina enviada a: zanthonygg@gmail.com
INFO 2025-07-09 04:53:25,223 utils 25136 6464 Los egresos adicionales ya están incluidos en total_deductions: $751.50
INFO 2025-07-09 04:53:27,014 utils 25136 6464 Notificación de nómina enviada a: zanthonygg@gmail.com
INFO 2025-07-09 04:53:27,332 utils 25136 6464 Los egresos adicionales ya están incluidos en total_deductions: $250.50
INFO 2025-07-09 04:53:29,129 utils 25136 6464 Notificación de nómina enviada a: zanthonygg@gmail.com
INFO 2025-07-09 04:53:29,248 utils 25136 6464 Los egresos adicionales ya están incluidos en total_deductions: $250.50
INFO 2025-07-09 04:53:31,036 utils 25136 6464 Notificación de nómina enviada a: zanthonygg@gmail.com
INFO 2025-07-09 04:53:31,151 utils 25136 6464 Los egresos adicionales ya están incluidos en total_deductions: $1503.00
INFO 2025-07-09 04:53:32,988 utils 25136 6464 Notificación de nómina enviada a: zanthonygg@gmail.com
INFO 2025-07-09 04:53:33,099 utils 25136 6464 Los egresos adicionales ya están incluidos en total_deductions: $250.50
INFO 2025-07-09 04:53:34,895 utils 25136 6464 Notificación de nómina enviada a: zanthonygg@gmail.com
INFO 2025-07-09 04:53:35,021 utils 25136 6464 Los egresos adicionales ya están incluidos en total_deductions: $1503.00
INFO 2025-07-09 04:53:36,840 utils 25136 6464 Notificación de nómina enviada a: zanthonygg@gmail.com
